<?xml version="1.0" encoding="UTF-8"?>
<testng-results skipped="0" failed="0" ignored="0" total="1" passed="1">
  <reporter-output>
  </reporter-output>
  <suite name="Default suite" duration-ms="8370" started-at="2020-11-18T16:43:55 IST" finished-at="2020-11-18T16:44:03 IST">
    <groups>
    </groups>
    <test name="Default test" duration-ms="8370" started-at="2020-11-18T16:43:55 IST" finished-at="2020-11-18T16:44:03 IST">
      <class name="sel.sel.fileupload">
        <test-method status="PASS" signature="file()[pri:0, instance:sel.sel.fileupload@1c3a4799]" name="file" duration-ms="8332" started-at="2020-11-18T16:43:55 IST" finished-at="2020-11-18T16:44:03 IST">
          <reporter-output>
          </reporter-output>
        </test-method> <!-- file -->
      </class> <!-- sel.sel.fileupload -->
    </test> <!-- Default test -->
  </suite> <!-- Default suite -->
</testng-results>
